<?xml version="1.0" encoding="UTF-8"?>
<!-- Generated by org.testng.reporters.JUnitReportReporter -->
<testsuite skipped="0" hostname="DESKTOP-L0OFOJ2" name="com.fox.test.TC_Signup" tests="1" failures="0" timestamp="19 Jan 2018 09:24:40 GMT" time="26.889" errors="0">
  <testcase name="TC_Accountsignup" time="26.889" classname="com.fox.test.TC_Signup"/>
</testsuite> <!-- com.fox.test.TC_Signup -->
