<?xml version="1.0" encoding="UTF-8"?>
<!-- Generated by org.testng.reporters.JUnitReportReporter -->
<testsuite skipped="0" hostname="DESKTOP-F9DLUB6" name="com.fox.page.dummy" tests="1" failures="0" timestamp="19 Jan 2018 01:35:17 GMT" time="64.561" errors="0">
  <testcase name="openbrowser" time="64.561" classname="com.fox.page.dummy"/>
</testsuite> <!-- com.fox.page.dummy -->
